<?xml version="1.0" encoding="UTF-8"?>
<testsuite name="StringCalculatorTest" tests="7" skipped="0" failures="0" errors="0" timestamp="2023-04-19T00:29:09" hostname="DESKTOP-07HMHSA" time="0.093">
  <properties/>
  <testcase name="Test_1()" classname="StringCalculatorTest" time="0.052"/>
  <testcase name="Test_2()" classname="StringCalculatorTest" time="0.007"/>
  <testcase name="Test_3()" classname="StringCalculatorTest" time="0.009"/>
  <testcase name="Test_4()" classname="StringCalculatorTest" time="0.004"/>
  <testcase name="Test_5()" classname="StringCalculatorTest" time="0.002"/>
  <testcase name="Test_6()" classname="StringCalculatorTest" time="0.001"/>
  <testcase name="Test_7()" classname="StringCalculatorTest" time="0.003"/>
  <system-out><![CDATA[]]></system-out>
  <system-err><![CDATA[]]></system-err>
</testsuite>
