<?xml version="1.0" encoding="UTF-8"?>
<testsuite name="StringCalculatorTest" tests="1" skipped="0" failures="0" errors="0" timestamp="2023-04-18T22:15:44" hostname="DESKTOP-07HMHSA" time="0.029">
  <properties/>
  <testcase name="Test_1()" classname="StringCalculatorTest" time="0.029"/>
  <system-out><![CDATA[]]></system-out>
  <system-err><![CDATA[]]></system-err>
</testsuite>
